<?xml version="1.0" encoding="UTF-8"?>
<!-- Generated by org.testng.reporters.JUnitReportReporter -->
<testsuite hostname="INDELSAUKUMA" failures="0" tests="1" name="com.bavaria.webshop.Auth.LoginTest" time="47.309" errors="0" timestamp="2023-12-25T14:22:48 IST" skipped="0">
  <testcase classname="com.bavaria.webshop.Auth.LoginTest" name="loginTest" time="47.309"/>
  <system-out/>
</testsuite> <!-- com.bavaria.webshop.Auth.LoginTest -->
